app/build/outputs/logs/manifest-merger-debug-report.txt
-- Merging decision tree log ---
manifest
ADDED from AndroidManifest.xml:2:1
	xmlns:android
		ADDED from AndroidManifest.xml:2:11
	package
		ADDED from AndroidManifest.xml:3:3
		INJECTED from AndroidManifest.xml:0:0
		INJECTED from AndroidManifest.xml:0:0
	android:versionName
		ADDED from AndroidManifest.xml:5:3
	android:versionCode
		ADDED from AndroidManifest.xml:4:3
		INJECTED from AndroidManifest.xml:0:0
		INJECTED from AndroidManifest.xml:0:0
supports-screens
ADDED from AndroidManifest.xml:7:3
	android:largeScreens
		ADDED from AndroidManifest.xml:10:5
	android:anyDensity
		ADDED from AndroidManifest.xml:11:5
	android:normalScreens
		ADDED from AndroidManifest.xml:9:5
	android:smallScreens
		ADDED from AndroidManifest.xml:8:5
uses-sdk
ADDED from AndroidManifest.xml:13:3
MERGED from com.android.support:support-v4:22.1.1:20:5
	android:targetSdkVersion
		ADDED from AndroidManifest.xml:15:5
		INJECTED from AndroidManifest.xml:0:0
		INJECTED from AndroidManifest.xml:0:0
	android:minSdkVersion
		ADDED from AndroidManifest.xml:14:5
		INJECTED from AndroidManifest.xml:0:0
		INJECTED from AndroidManifest.xml:0:0
uses-permission#android.permission.ACCESS_NETWORK_STATE
ADDED from AndroidManifest.xml:17:3
	android:name
		ADDED from AndroidManifest.xml:17:20
uses-permission#android.permission.ACCESS_WIFI_STATE
ADDED from AndroidManifest.xml:18:3
	android:name
		ADDED from AndroidManifest.xml:18:20
uses-permission#android.permission.BLUETOOTH
ADDED from AndroidManifest.xml:19:3
	android:name
		ADDED from AndroidManifest.xml:19:20
uses-permission#android.permission.BLUETOOTH_ADMIN
ADDED from AndroidManifest.xml:20:3
	android:name
		ADDED from AndroidManifest.xml:20:20
uses-permission#android.permission.CHANGE_WIFI_MULTICAST_STATE
ADDED from AndroidManifest.xml:21:3
	android:name
		ADDED from AndroidManifest.xml:21:20
uses-permission#android.permission.INTERNET
ADDED from AndroidManifest.xml:22:3
	android:name
		ADDED from AndroidManifest.xml:22:20
application
ADDED from AndroidManifest.xml:24:3
MERGED from com.android.support:support-v4:22.1.1:22:5
	android:label
		ADDED from AndroidManifest.xml:27:5
	android:allowBackup
		ADDED from AndroidManifest.xml:25:5
	android:icon
		ADDED from AndroidManifest.xml:26:5
activity#org.jfedor.frozenbubble.FrozenBubble
ADDED from AndroidManifest.xml:29:5
	android:label
		ADDED from AndroidManifest.xml:32:7
	android:configChanges
		ADDED from AndroidManifest.xml:31:7
	android:name
		ADDED from AndroidManifest.xml:30:7
	android:alwaysRetainTaskState
		ADDED from AndroidManifest.xml:33:7
	android:launchMode
		ADDED from AndroidManifest.xml:34:7
intent-filter#android.intent.category.DEFAULT+org.jfedor.frozenbubble.GAME
ADDED from AndroidManifest.xml:35:7
action#org.jfedor.frozenbubble.GAME
ADDED from AndroidManifest.xml:36:9
	android:name
		ADDED from AndroidManifest.xml:36:17
category#android.intent.category.DEFAULT
ADDED from AndroidManifest.xml:37:9
	android:name
		ADDED from AndroidManifest.xml:37:19
activity#com.efortin.frozenbubble.PreferencesActivity
ADDED from AndroidManifest.xml:41:5
	android:theme
		ADDED from AndroidManifest.xml:43:7
	android:name
		ADDED from AndroidManifest.xml:42:7
activity#com.tutorweb.frozenbubble.StoreActivity
ADDED from AndroidManifest.xml:47:5
	android:windowSoftInputMode
		ADDED from AndroidManifest.xml:50:7
	android:label
		ADDED from AndroidManifest.xml:49:7
	android:name
		ADDED from AndroidManifest.xml:48:7
activity#com.efortin.frozenbubble.ScrollingCredits
ADDED from AndroidManifest.xml:53:5
	android:label
		ADDED from AndroidManifest.xml:56:7
	android:configChanges
		ADDED from AndroidManifest.xml:55:7
	android:name
		ADDED from AndroidManifest.xml:54:7
activity#com.efortin.frozenbubble.HomeScreen
ADDED from AndroidManifest.xml:59:5
	android:label
		ADDED from AndroidManifest.xml:62:7
	android:configChanges
		ADDED from AndroidManifest.xml:61:7
	android:name
		ADDED from AndroidManifest.xml:60:7
intent-filter#android.intent.action.MAIN+android.intent.category.LAUNCHER
ADDED from AndroidManifest.xml:63:7
action#android.intent.action.MAIN
ADDED from AndroidManifest.xml:64:9
	android:name
		ADDED from AndroidManifest.xml:64:17
category#android.intent.category.LAUNCHER
ADDED from AndroidManifest.xml:65:9
	android:name
		ADDED from AndroidManifest.xml:65:19